<?xml version="1.0" encoding="UTF-8"?>
<testsuite xmlns:xsi="http://www.w3.org/2001/XMLSchema-instance" xsi:noNamespaceSchemaLocation="https://maven.apache.org/surefire/maven-surefire-plugin/xsd/surefire-test-report.xsd" name="ru.netology.sqr.SqrServiceTest" time="0.134" tests="4" errors="0" skipped="0" failures="2">
  <properties>
[...]
</properties>
  <testcase name="calcSqrPos{int, int, int}[1]" classname="ru.netology.sqr.SqrServiceTest" time="0.043"/>
  <testcase name="calcSqrPos{int, int, int}[2]" classname="ru.netology.sqr.SqrServiceTest" time="0.01">
    <failure message="expected: &lt;6&gt; but was: &lt;3&gt;" type="org.opentest4j.AssertionFailedError"><![CDATA[org.opentest4j.AssertionFailedError: expected: <6> but was: <3>
	at ru.netology.sqr.SqrServiceTest.calcSqrPos(SqrServiceTest.java:25)
]]></failure>
  </testcase>
  <testcase name="calcSqrPos{int, int, int}[3]" classname="ru.netology.sqr.SqrServiceTest" time="0.001"/>
  <testcase name="calcSqrPos{int, int, int}[4]" classname="ru.netology.sqr.SqrServiceTest" time="0.002">
    <failure message="expected: &lt;11&gt; but was: &lt;10&gt;" type="org.opentest4j.AssertionFailedError"><![CDATA[org.opentest4j.AssertionFailedError: expected: <11> but was: <10>
	at ru.netology.sqr.SqrServiceTest.calcSqrPos(SqrServiceTest.java:25)
]]></failure>
  </testcase>
</testsuite>